<?xml version="1.0" encoding="UTF-8"?>
<!-- Generated by org.testng.reporters.JUnitReportReporter -->
<testsuite hostname="rs-MAC15.local" failures="0" tests="2" name="TestNG.AllAnnotationsExecutionOrder" time="0.010" errors="0" timestamp="14 Jun 2018 14:39:46 GMT" skipped="0">
  <testcase classname="TestNG.AllAnnotationsExecutionOrder" name="test2" time="0.009"/>
  <testcase classname="TestNG.AllAnnotationsExecutionOrder" name="test1" time="0.001"/>
</testsuite> <!-- TestNG.AllAnnotationsExecutionOrder -->
