<?xml version="1.0" encoding="UTF-8"?>
<!-- Generated by org.testng.reporters.JUnitReportReporter -->
<testsuite hostname="rs-MAC15.local" failures="0" tests="2" name="TestNG.TestNGReports" time="0.010" errors="0" timestamp="14 Jun 2018 15:05:12 GMT" skipped="0">
  <testcase classname="TestNG.TestNGReports" name="reportsTest1" time="0.007"/>
  <testcase classname="TestNG.TestNGReports" name="reportsTest" time="0.003"/>
</testsuite> <!-- TestNG.TestNGReports -->
