<?xml version="1.0" encoding="UTF-8"?>
<!-- Generated by org.testng.reporters.JUnitReportReporter -->
<testsuite hostname="rs-MAC15.local" failures="0" tests="2" name="TestNG.AllAnnotationsExecutionOrder" time="0.011" errors="0" timestamp="07 Aug 2018 12:21:27 GMT" skipped="0">
  <testcase classname="TestNG.AllAnnotationsExecutionOrder" name="test2" time="0.007"/>
  <testcase classname="TestNG.AllAnnotationsExecutionOrder" name="test1" time="0.004"/>
</testsuite> <!-- TestNG.AllAnnotationsExecutionOrder -->
