<?xml version="1.0" encoding="UTF-8"?>
<!-- Generated by org.testng.reporters.JUnitReportReporter -->
<testsuite hostname="rs-MAC15.local" failures="0" tests="4" name="TestNG.ClassLevelAnnotations" time="0.016" errors="0" timestamp="14 Jun 2018 15:27:48 GMT" skipped="0">
  <testcase classname="TestNG.ClassLevelAnnotations" name="One" time="0.001"/>
  <testcase classname="TestNG.ClassLevelAnnotations" name="Two" time="0.002"/>
  <testcase classname="TestNG.ClassLevelAnnotations" name="Fourth" time="0.012"/>
  <testcase classname="TestNG.ClassLevelAnnotations" name="Three" time="0.001"/>
</testsuite> <!-- TestNG.ClassLevelAnnotations -->
