<?xml version="1.0" encoding="UTF-8"?>
<!-- Generated by org.testng.reporters.JUnitReportReporter -->
<testsuite hostname="rs-MAC15.local" failures="0" tests="6" name="TestNG.GroupAnnotations" time="0.010" errors="0" timestamp="19 Jul 2018 08:12:12 GMT" skipped="1">
  <testcase classname="TestNG.GroupAnnotations" name="test6" time="0.001"/>
  <testcase classname="TestNG.GroupAnnotations" name="test1" time="0.006"/>
  <testcase classname="TestNG.GroupAnnotations" name="test2" time="0.001"/>
  <testcase classname="TestNG.GroupAnnotations" name="test3" time="0.001"/>
  <testcase classname="TestNG.GroupAnnotations" name="test" time="0.001"/>
  <testcase classname="TestNG.GroupAnnotations" name="test5">
    <skipped/>
  </testcase> <!-- test5 -->
</testsuite> <!-- TestNG.GroupAnnotations -->
