<?xml version="1.0" encoding="UTF-8"?>
<!-- Generated by org.testng.reporters.JUnitReportReporter -->
<testsuite hostname="rs-MAC15.local" failures="0" tests="2" name="TestNG.TestNGReports" time="0.011" errors="0" timestamp="19 Jul 2018 08:10:24 GMT" skipped="0">
  <testcase classname="TestNG.TestNGReports" name="reportsTest1" time="0.009"/>
  <testcase classname="TestNG.TestNGReports" name="reportsTest" time="0.002"/>
</testsuite> <!-- TestNG.TestNGReports -->
