<?xml version="1.0" encoding="UTF-8"?>
<!-- Generated by org.testng.reporters.JUnitReportReporter -->
<testsuite hostname="rs-MAC15.local" failures="0" tests="2" name="TestNG.AllAnnotationsExecutionOrder" time="0.007" errors="0" timestamp="19 Jul 2018 07:19:48 GMT" skipped="0">
  <testcase classname="TestNG.AllAnnotationsExecutionOrder" name="test2" time="0.006"/>
  <testcase classname="TestNG.AllAnnotationsExecutionOrder" name="test1" time="0.001"/>
</testsuite> <!-- TestNG.AllAnnotationsExecutionOrder -->
